Equate elements:  no current cell.
Equate elements:  no current cell.
Equate elements:  no current cell.
Equate elements:  no current cell.

Subcircuit summary:
Circuit 1: mirror_1                        |Circuit 2: mirror_1                        
-------------------------------------------|-------------------------------------------
sky130_fd_pr__cap_mim_m3_1 (1)             |sky130_fd_pr__cap_mim_m3_1 (1)             
sky130_fd_pr__nfet_01v8 (1)                |sky130_fd_pr__nfet_01v8 (1)                
sky130_fd_pr__cap_mim_m3_2 (1)             |sky130_fd_pr__cap_mim_m3_2 (1)             
sky130_fd_pr__res_xhigh_po (1)             |sky130_fd_pr__res_xhigh_po (1)             
Number of devices: 4                       |Number of devices: 4                       
Number of nets: 3                          |Number of nets: 3                          
---------------------------------------------------------------------------------------
Circuits match uniquely.
Netlists match uniquely.

Subcircuit pins:
Circuit 1: mirror_1                        |Circuit 2: mirror_1                        
-------------------------------------------|-------------------------------------------
Vb1_                                       |Vb1_                                       
Vb1                                        |Vb1                                        
GND                                        |GND                                        
---------------------------------------------------------------------------------------
Cell pin lists are equivalent.
Device classes mirror_1 and mirror_1 are equivalent.
Circuits match uniquely.
